<?xml version="1.0" encoding="UTF-8"?>
<!-- Generated by org.testng.reporters.JUnitReportReporter -->
<testsuite skipped="0" hostname="RAJRASIN-T480" name="tests.Test3" tests="4" failures="0" timestamp="29 Aug 2022 21:21:40 GMT" time="0.000" errors="0">
  <testcase name="test12" time="0.000" classname="tests.Test3"/>
  <testcase name="tes11" time="0.000" classname="tests.Test3"/>
  <testcase name="test10" time="0.000" classname="tests.Test3"/>
  <testcase name="test9" time="0.000" classname="tests.Test3"/>
</testsuite> <!-- tests.Test3 -->
