<?xml version="1.0" encoding="UTF-8"?>
<!-- Generated by org.testng.reporters.JUnitReportReporter -->
<testsuite skipped="0" hostname="RAJRASIN-T480" name="tests.Test1" tests="4" failures="0" timestamp="29 Aug 2022 21:21:40 GMT" time="0.000" errors="0">
  <testcase name="test2" time="0.000" classname="tests.Test1"/>
  <testcase name="tes3" time="0.000" classname="tests.Test1"/>
  <testcase name="test4" time="0.000" classname="tests.Test1"/>
  <testcase name="test1" time="0.000" classname="tests.Test1"/>
</testsuite> <!-- tests.Test1 -->
