<?xml version="1.0" encoding="UTF-8"?>
<!-- Generated by org.testng.reporters.JUnitReportReporter -->
<testsuite skipped="0" hostname="RAJRASIN-T480" name="tests.Test2" tests="4" failures="0" timestamp="29 Aug 2022 21:21:40 GMT" time="0.005" errors="0">
  <testcase name="test5" time="0.000" classname="tests.Test2"/>
  <testcase name="test6" time="0.000" classname="tests.Test2"/>
  <testcase name="tes7" time="0.005" classname="tests.Test2"/>
  <testcase name="test8" time="0.000" classname="tests.Test2"/>
</testsuite> <!-- tests.Test2 -->
